<?xml version="1.0" encoding="UTF-8"?>
<!-- Generated by org.testng.reporters.JUnitXMLReporter -->
<testsuite hostname="LAPTOP-LO8M8OVB" ignored="7" name="Default test" tests="1" failures="0" timestamp="2020-09-20T02:18:44 GMT+05:30" time="0.226" errors="0">
  <testcase name="@BeforeTest initialize" time="0.036" classname="TestCases.CoronavirusTotalCases">
    <failure type="java.lang.NullPointerException">
      <![CDATA[java.lang.NullPointerException
at resources.base.initializeDriver(base.java:39)
at TestCases.CoronavirusTotalCases.initialize(CoronavirusTotalCases.java:33)
at sun.reflect.NativeMethodAccessorImpl.invoke0(Native Method)
at sun.reflect.NativeMethodAccessorImpl.invoke(NativeMethodAccessorImpl.java:62)
at sun.reflect.DelegatingMethodAccessorImpl.invoke(DelegatingMethodAccessorImpl.java:43)
at java.lang.reflect.Method.invoke(Method.java:498)
at org.testng.internal.MethodInvocationHelper.invokeMethod(MethodInvocationHelper.java:135)
at org.testng.internal.MethodInvocationHelper.invokeMethodConsideringTimeout(MethodInvocationHelper.java:64)
at org.testng.internal.ConfigInvoker.invokeConfigurationMethod(ConfigInvoker.java:364)
at org.testng.internal.ConfigInvoker.invokeConfigurations(ConfigInvoker.java:318)
at org.testng.TestRunner.invokeTestConfigurations(TestRunner.java:620)
at org.testng.TestRunner.beforeRun(TestRunner.java:610)
at org.testng.TestRunner.run(TestRunner.java:581)
at org.testng.SuiteRunner.runTest(SuiteRunner.java:384)
at org.testng.SuiteRunner.runSequentially(SuiteRunner.java:378)
at org.testng.SuiteRunner.privateRun(SuiteRunner.java:337)
at org.testng.SuiteRunner.run(SuiteRunner.java:286)
at org.testng.SuiteRunnerWorker.runSuite(SuiteRunnerWorker.java:53)
at org.testng.SuiteRunnerWorker.run(SuiteRunnerWorker.java:96)
at org.testng.TestNG.runSuitesSequentially(TestNG.java:1214)
at org.testng.TestNG.runSuitesLocally(TestNG.java:1136)
at org.testng.TestNG.runSuites(TestNG.java:1066)
at org.testng.TestNG.run(TestNG.java:1034)
at org.testng.remote.AbstractRemoteTestNG.run(AbstractRemoteTestNG.java:115)
at org.testng.remote.RemoteTestNG.initAndRun(RemoteTestNG.java:251)
at org.testng.remote.RemoteTestNG.main(RemoteTestNG.java:77)
]]>
    </failure>
  </testcase> <!-- @BeforeTest initialize -->
  <testcase name="@AfterTest closethebrowser" time="-1.600548524653E9" classname="TestCases.CoronavirusTotalCases">
    <skipped/>
  </testcase> <!-- @AfterTest closethebrowser -->
  <testcase name="TC07CalclateTheSumofTotalRecoveredTodayCasesOfAllStates" time="0.0" classname="TestCases.CoronavirusTotalCases">
    <skipped/>
  </testcase> <!-- TC07CalclateTheSumofTotalRecoveredTodayCasesOfAllStates -->
  <testcase name="TC06CalclateTheSumofTotalActiveTodayCasesOfAllStates" time="0.0" classname="TestCases.CoronavirusTotalCases">
    <ignored/>
  </testcase> <!-- TC06CalclateTheSumofTotalActiveTodayCasesOfAllStates -->
  <testcase name="TC04CalclateTheSumofDeathsOfAllStates" time="0.0" classname="TestCases.CoronavirusTotalCases">
    <ignored/>
  </testcase> <!-- TC04CalclateTheSumofDeathsOfAllStates -->
  <testcase name="TC05CalclateTheSumofTotalTodayCasesOfAllStates" time="0.0" classname="TestCases.CoronavirusTotalCases">
    <ignored/>
  </testcase> <!-- TC05CalclateTheSumofTotalTodayCasesOfAllStates -->
  <testcase name="TC08CalclateTheSumofTotalDeathTodayCasesOfAllStates" time="0.0" classname="TestCases.CoronavirusTotalCases">
    <ignored/>
  </testcase> <!-- TC08CalclateTheSumofTotalDeathTodayCasesOfAllStates -->
  <testcase name="TC03CalclateTheSumofRecoveredCasesOfAllStates" time="0.0" classname="TestCases.CoronavirusTotalCases">
    <ignored/>
  </testcase> <!-- TC03CalclateTheSumofRecoveredCasesOfAllStates -->
  <testcase name="TC02CalclateTheSumofActiveCasesOfAllStates" time="0.0" classname="TestCases.CoronavirusTotalCases">
    <ignored/>
  </testcase> <!-- TC02CalclateTheSumofActiveCasesOfAllStates -->
  <testcase name="TC01CalclateTheSumofTotalCasesOfAllStates" time="0.0" classname="TestCases.CoronavirusTotalCases">
    <ignored/>
  </testcase> <!-- TC01CalclateTheSumofTotalCasesOfAllStates -->
</testsuite> <!-- Default test -->
