<?xml version="1.0" encoding="UTF-8"?>
<!-- Generated by org.testng.reporters.JUnitXMLReporter -->
<testsuite hostname="LAPTOP-LO8M8OVB" ignored="0" name="Default test" tests="8" failures="0" timestamp="2020-09-17T19:17:33 GMT+05:30" time="92.054" errors="0">
  <testcase name="TC01CalclateTheSumofTotalCasesOfAllStates" time="11.865" classname="TestCases.CoronavirusTotalCases"/>
  <testcase name="TC02CalclateTheSumofActiveCasesOfAllStates" time="0.803" classname="TestCases.CoronavirusTotalCases"/>
  <testcase name="TC03CalclateTheSumofRecoveredCasesOfAllStates" time="0.716" classname="TestCases.CoronavirusTotalCases"/>
  <testcase name="TC04CalclateTheSumofDeathsOfAllStates" time="0.798" classname="TestCases.CoronavirusTotalCases"/>
  <testcase name="TC05CalclateTheSumofTotalTodayCasesOfAllStates" time="0.724" classname="TestCases.CoronavirusTotalCases"/>
  <testcase name="TC06CalclateTheSumofTotalActiveTodayCasesOfAllStates" time="0.739" classname="TestCases.CoronavirusTotalCases"/>
  <testcase name="TC07CalclateTheSumofTotalRecoveredTodayCasesOfAllStates" time="0.682" classname="TestCases.CoronavirusTotalCases"/>
  <testcase name="TC08CalclateTheSumofTotalDeathTodayCasesOfAllStates" time="1.123" classname="TestCases.CoronavirusTotalCases"/>
</testsuite> <!-- Default test -->
