<?xml version="1.0" encoding="UTF-8"?>
<!-- Generated by org.testng.reporters.JUnitXMLReporter -->
<testsuite hostname="LAPTOP-LO8M8OVB" ignored="0" name="Test" tests="8" failures="0" timestamp="2020-09-16T14:34:10 GMT+05:30" time="47.647" errors="0">
  <testcase name="TC01CalclateTheSumofTotalCasesOfAllStates" time="11.384" classname="TestCases.CoronavirusTotalCases"/>
  <testcase name="TC02CalclateTheSumofActiveCasesOfAllStates" time="1.571" classname="TestCases.CoronavirusTotalCases"/>
  <testcase name="TC03CalclateTheSumofRecoveredCasesOfAllStates" time="1.311" classname="TestCases.CoronavirusTotalCases"/>
  <testcase name="TC04CalclateTheSumofDeathsOfAllStates" time="0.897" classname="TestCases.CoronavirusTotalCases"/>
  <testcase name="TC05CalclateTheSumofTotalTodayCasesOfAllStates" time="0.93" classname="TestCases.CoronavirusTotalCases"/>
  <testcase name="TC06CalclateTheSumofTotalActiveTodayCasesOfAllStates" time="0.858" classname="TestCases.CoronavirusTotalCases"/>
  <testcase name="TC07CalclateTheSumofTotalRecoveredTodayCasesOfAllStates" time="0.968" classname="TestCases.CoronavirusTotalCases"/>
  <testcase name="TC08CalclateTheSumofTotalDeathTodayCasesOfAllStates" time="1.537" classname="TestCases.CoronavirusTotalCases"/>
</testsuite> <!-- Test -->
