<?xml version="1.0" encoding="UTF-8"?>
<!-- Generated by org.testng.reporters.JUnitXMLReporter -->
<testsuite hostname="LAPTOP-LO8M8OVB" ignored="0" name="Test" tests="8" failures="0" timestamp="2020-09-17T20:40:04 GMT+05:30" time="52.307" errors="0">
  <testcase name="TC01CalclateTheSumofTotalCasesOfAllStates" time="11.794" classname="TestCases.CoronavirusTotalCases"/>
  <testcase name="TC02CalclateTheSumofActiveCasesOfAllStates" time="0.959" classname="TestCases.CoronavirusTotalCases"/>
  <testcase name="TC03CalclateTheSumofRecoveredCasesOfAllStates" time="0.947" classname="TestCases.CoronavirusTotalCases"/>
  <testcase name="TC04CalclateTheSumofDeathsOfAllStates" time="0.87" classname="TestCases.CoronavirusTotalCases"/>
  <testcase name="TC05CalclateTheSumofTotalTodayCasesOfAllStates" time="1.33" classname="TestCases.CoronavirusTotalCases"/>
  <testcase name="TC06CalclateTheSumofTotalActiveTodayCasesOfAllStates" time="2.921" classname="TestCases.CoronavirusTotalCases"/>
  <testcase name="TC07CalclateTheSumofTotalRecoveredTodayCasesOfAllStates" time="0.921" classname="TestCases.CoronavirusTotalCases"/>
  <testcase name="TC08CalclateTheSumofTotalDeathTodayCasesOfAllStates" time="0.665" classname="TestCases.CoronavirusTotalCases"/>
</testsuite> <!-- Test -->
