<?xml version="1.0" encoding="UTF-8"?>
<testng-results skipped="0" failed="0" ignored="0" total="1" passed="1">
  <reporter-output>
  </reporter-output>
  <suite name="Suite" duration-ms="47225" started-at="2020-09-25T00:40:52 GMT+05:30" finished-at="2020-09-25T00:41:39 GMT+05:30">
    <groups>
    </groups>
    <test name="Test" duration-ms="47225" started-at="2020-09-25T00:40:52 GMT+05:30" finished-at="2020-09-25T00:41:39 GMT+05:30">
      <class name="TestCases.FlipkartTestCases">
        <test-method status="PASS" signature="initialize()[pri:0, instance:TestCases.FlipkartTestCases@7d20d0b]" name="initialize" is-config="true" duration-ms="25558" started-at="2020-09-25T00:40:52 GMT+05:30" finished-at="2020-09-25T00:41:18 GMT+05:30">
          <reporter-output>
          </reporter-output>
        </test-method> <!-- initialize -->
        <test-method status="PASS" signature="TC01CalclateTheSumofTotalCasesOfAllStates()[pri:0, instance:TestCases.FlipkartTestCases@7d20d0b]" name="TC01CalclateTheSumofTotalCasesOfAllStates" duration-ms="17326" started-at="2020-09-25T00:41:18 GMT+05:30" finished-at="2020-09-25T00:41:35 GMT+05:30">
          <reporter-output>
          </reporter-output>
        </test-method> <!-- TC01CalclateTheSumofTotalCasesOfAllStates -->
        <test-method status="PASS" signature="closethebrowser()[pri:0, instance:TestCases.FlipkartTestCases@7d20d0b]" name="closethebrowser" is-config="true" duration-ms="4273" started-at="2020-09-25T00:41:35 GMT+05:30" finished-at="2020-09-25T00:41:39 GMT+05:30">
          <reporter-output>
          </reporter-output>
        </test-method> <!-- closethebrowser -->
      </class> <!-- TestCases.FlipkartTestCases -->
    </test> <!-- Test -->
  </suite> <!-- Suite -->
</testng-results>
